#
# A fatal error has been detected by the Java Runtime Environment:
#
#  EXCEPTION_ACCESS_VIOLATION (0xc0000005) at pc=0x0000020f8756ae2f, pid=5548, tid=11596
#
# JRE version: Java(TM) SE Runtime Environment (21.0.2+13) (build 21.0.2+13-LTS-58)
# Java VM: Java HotSpot(TM) 64-Bit Server VM (21.0.2+13-LTS-58, mixed mode, sharing, tiered, compressed oops, compressed class ptrs, g1 gc, windows-amd64)
# Problematic frame:
# v  ~BufferBlob::MethodHandles adapters 0x0000020f8756ae2f
#
# No core dump will be written. Minidumps are not enabled by default on client versions of Windows
#
# If you would like to submit a bug report, please visit:
#   https://bugreport.java.com/bugreport/crash.jsp
#

---------------  S U M M A R Y ------------

Command Line: -XX:+ShowCodeDetailsInExceptionMessages -agentlib:jdwp=transport=dt_socket,suspend=y,address=localhost:62925 -javaagent:C:\Users\geova\eclipse\jee-2022-12\eclipse\configuration\org.eclipse.osgi\1887\0\.cp\lib\javaagent-shaded.jar -Dfile.encoding=UTF-8 -Dstdout.encoding=UTF-8 -Dstderr.encoding=UTF-8 -Xmx1024M br.com.rodizio.RodizioApplication

Host: 11th Gen Intel(R) Core(TM) i5-1135G7 @ 2.40GHz, 8 cores, 7G,  Windows 11 , 64 bit Build 22621 (10.0.22621.2506)
Time: Mon Feb 19 20:44:55 2024 Hora oficial do Brasil elapsed time: 289.462086 seconds (0d 0h 4m 49s)

---------------  T H R E A D  ---------------

Current thread (0x0000020fd93e0860):  JavaThread "restartedMain"        [_thread_in_Java, id=11596, stack(0x0000003cc4f00000,0x0000003cc5000000) (1024K)]

Stack: [0x0000003cc4f00000,0x0000003cc5000000],  sp=0x0000003cc4ffe038,  free space=1016k
Native frames: (J=compiled Java code, j=interpreted, Vv=VM code, C=native code)
C  0x0000020f8756ae2f

The last pc belongs to _linkToSpecial (printed below).

siginfo: EXCEPTION_ACCESS_VIOLATION (0xc0000005), reading address 0xffffffffffffffff


Registers:
RAX=0x0000020f8753919a, RBX=0xc3fd977800000000, RCX=0x0000003cc4ffe040, RDX=0x0000000000000002
RSP=0x0000003cc4ffe038, RBP=0x0000003cc4ffe088, RSI=0x0000020ffd977538, RDI=0x0000020fdbc3c960
R8 =0x0000000000000004, R9 =0x0000000000000004, R10=0x0000020f8f000000, R11=0x0000020f8f0b6c70
R12=0x0000000000000000, R13=0x0000003cc4ffe038, R14=0x0000003cc4ffe0a8, R15=0x0000020fd93e0860
RIP=0x0000020f8756ae2f, EFLAGS=0x0000000000010246


Register to memory mapping:

RAX=0x0000020f8753919a is at code_begin+3354 in an Interpreter codelet
return entry points  [0x0000020f87538480, 0x0000020f8753a550]  8400 bytes
RBX=0xc3fd977800000000 is an unknown value
RCX=0x0000003cc4ffe040 is pointing into the stack for thread: 0x0000020fd93e0860
RDX=0x0000000000000002 is an unknown value
RSP=0x0000003cc4ffe038 is pointing into the stack for thread: 0x0000020fd93e0860
RBP=0x0000003cc4ffe088 is pointing into the stack for thread: 0x0000020fd93e0860
RSI=0x0000020ffd977538 points into unknown readable memory: 0x880018005d0c064c | 4c 06 0c 5d 00 18 00 88
RDI=0x0000020fdbc3c960 points into unknown readable memory: 0x0000001800000070 | 70 00 00 00 18 00 00 00
R8 =0x0000000000000004 is an unknown value
R9 =0x0000000000000004 is an unknown value
R10=0x0000020f8f000000 is pointing into metadata
R11={method} {0x0000020f8f0b6c78} 'newInvokeSpecial' '(Ljava/lang/Object;)Ljava/lang/Object;' in 'java/lang/invoke/DirectMethodHandle$Holder'
R12=0x0 is null
R13=0x0000003cc4ffe038 is pointing into the stack for thread: 0x0000020fd93e0860
R14=0x0000003cc4ffe0a8 is pointing into the stack for thread: 0x0000020fd93e0860
R15=0x0000020fd93e0860 is a thread

Top of Stack: (sp=0x0000003cc4ffe038)
0x0000003cc4ffe038:   0000020f8753919a 0000003cc4ffe040
0x0000003cc4ffe048:   0000020f8f72de87 0000000000000004
0x0000003cc4ffe058:   0000020f8f0b2128 0000020fd1181520
0x0000003cc4ffe068:   00000000c03728b8 0000020f8f0b6c70
0x0000003cc4ffe078:   0000003cc4ffe038 0000003cc4ffe0b0
0x0000003cc4ffe088:   0000003cc4ffe450 0000020f804a16da
0x0000003cc4ffe098:   00000000c3fd9680 00000000c3fd9728
0x0000003cc4ffe0a8:   00000000c3fd96e0 00000000c03961a8
0x0000003cc4ffe0b8:   00000000c3fd96b0 0000000000000000
0x0000003cc4ffe0c8:   0000000000000000 0000003cc4ffc7c0
0x0000003cc4ffe0d8:   0000003cc4ffc7c4 0000003cc4ff9378
0x0000003cc4ffe0e8:   00007ff9b541a623 0000003cc4ffe450
0x0000003cc4ffe0f8:   0000020f809d6be4 0000000000000001
0x0000003cc4ffe108:   0000020f801028a2 00000000c3fd94f8
0x0000003cc4ffe118:   0000003cc4ffc8c4 0000003cc4ffc930
0x0000003cc4ffe128:   0000003cc4ffc934 0000003cc4ffd760
0x0000003cc4ffe138:   0000003cc4ffd764 0000003cc4ff9378
0x0000003cc4ffe148:   00007ff9b4fddd6e 0000003cc4ffc7d0
0x0000003cc4ffe158:   00000000c3fd9710 00000000c3fd94e8
0x0000003cc4ffe168:   0000000000000000 00000000c3fd9358
0x0000003cc4ffe178:   00007ff9b54b4f23 00000000c3fd9490
0x0000003cc4ffe188:   0000020f87d43990 00000000c1c47180
0x0000003cc4ffe198:   0000000000000001 0000003cc4ffe450
0x0000003cc4ffe1a8:   0000020f80822304 00000000c3fd9490
0x0000003cc4ffe1b8:   00000000c3fd96e0 0000000000000001
0x0000003cc4ffe1c8:   0000020f87e994dc 00000000c3fd9490
0x0000003cc4ffe1d8:   00000000c08b2c50 00000000c1c47180
0x0000003cc4ffe1e8:   00000000c1c47180 0000020f00000001
0x0000003cc4ffe1f8:   0000000000000000 00000000c3fd9490
0x0000003cc4ffe208:   0000000000000000 00000000c3fd9358
0x0000003cc4ffe218:   00000000c3fd9710 0000020f0000003e
0x0000003cc4ffe228:   0000000000000000 0000020f8f014e00 

Instructions: (pc=0x0000020f8756ae2f)
0x0000020f8756ad2f:   8b 5b 28 8b 5b 24 48 8b 5b 10 48 85 db 0f 84 10
0x0000020f8756ad3f:   00 00 00 41 80 bf e0 05 00 00 00 74 03 ff 63 38
0x0000020f8756ad4f:   ff 63 50 e9 a9 16 00 00 66 0f 1f 84 00 00 00 00
0x0000020f8756ad5f:   00 48 8b 53 08 0f b7 52 2e 48 8b 0c d4 58 5b 50
0x0000020f8756ad6f:   44 8b 51 08 49 bb 00 00 00 8f 0f 02 00 00 4d 03
0x0000020f8756ad7f:   d3 4c 8b 5b 10 4b 8b 9c da c8 01 00 00 48 85 db
0x0000020f8756ad8f:   0f 84 10 00 00 00 41 80 bf e0 05 00 00 00 74 03
0x0000020f8756ad9f:   ff 63 38 ff 63 50 e9 56 16 00 00 66 66 66 0f 1f
0x0000020f8756adaf:   84 00 00 00 00 00 66 66 66 90 0f 1f 80 00 00 00
0x0000020f8756adbf:   00 58 5b 50 8b 5b 24 48 8b 5b 10 48 85 db 0f 84
0x0000020f8756adcf:   10 00 00 00 41 80 bf e0 05 00 00 00 74 03 ff 63
0x0000020f8756addf:   38 ff 63 50 e9 18 16 00 00 66 66 66 0f 1f 84 00
0x0000020f8756adef:   00 00 00 00 66 66 66 90 66 0f 1f 84 00 00 00 00
0x0000020f8756adff:   00 48 8b 53 08 0f b7 52 2e 48 8b 0c d4 58 5b 50
0x0000020f8756ae0f:   48 3b 01 8b 5b 24 48 8b 5b 10 48 85 db 0f 84 10
0x0000020f8756ae1f:   00 00 00 41 80 bf e0 05 00 00 00 74 03 ff 63 38
0x0000020f8756ae2f:   ff 63 50 e9 c9 15 00 00 66 0f 1f 84 00 00 00 00
0x0000020f8756ae3f:   00 48 8b 53 08 0f b7 52 2e 48 8b 0c d4 58 5b 50
0x0000020f8756ae4f:   44 8b 51 08 49 bb 00 00 00 8f 0f 02 00 00 4d 03
0x0000020f8756ae5f:   d3 8b 43 18 48 8b 40 10 48 8b 5b 10 45 8b 9a a0
0x0000020f8756ae6f:   00 00 00 4f 8d 9c da c8 01 00 00 4d 8d 14 da 49
0x0000020f8756ae7f:   8b 1b 48 3b c3 74 15 48 85 db 0f 84 32 00 00 00
0x0000020f8756ae8f:   49 83 c3 10 49 8b 1b 48 3b c3 75 eb 45 8b 5b 08
0x0000020f8756ae9f:   4b 8b 1c 1a 48 85 db 0f 84 10 00 00 00 41 80 bf
0x0000020f8756aeaf:   e0 05 00 00 00 74 03 ff 63 38 ff 63 50 e9 3f 15
0x0000020f8756aebf:   00 00 e9 3a 12 00 00 f4 00 00 00 00 00 00 00 00
0x0000020f8756aecf:   00 00 00 00 00 00 00 00 00 00 00 00 00 00 00 00
0x0000020f8756aedf:   00 00 00 00 00 00 00 00 00 00 00 00 00 00 00 00
0x0000020f8756aeef:   00 00 00 00 00 00 00 00 00 00 00 00 00 00 00 00
0x0000020f8756aeff:   00 00 00 00 00 00 00 00 00 00 00 00 00 00 00 00
0x0000020f8756af0f:   00 00 00 00 00 00 00 00 00 00 00 00 00 00 00 00
0x0000020f8756af1f:   00 00 00 00 00 00 00 00 00 00 00 00 00 00 00 00 


Stack slot to memory mapping:

stack at sp + 0 slots: 0x0000020f8753919a is at code_begin+3354 in an Interpreter codelet
return entry points  [0x0000020f87538480, 0x0000020f8753a550]  8400 bytes
stack at sp + 1 slots: 0x0000003cc4ffe040 is pointing into the stack for thread: 0x0000020fd93e0860
stack at sp + 2 slots: 0x0000020f8f72de87 is pointing into metadata
stack at sp + 3 slots: 0x0000000000000004 is an unknown value
stack at sp + 4 slots: 0x0000020f8f0b2128 is pointing into metadata
stack at sp + 5 slots: 0x0000020fd1181520 is pointing into metadata
stack at sp + 6 slots: 0x00000000c03728b8 is an oop: java.lang.Class 
{0x00000000c03728b8} - klass: 'java/lang/Class'
 - ---- fields (total size 14 words):
 - private volatile transient 'classRedefinedCount' 'I' @12  0 (0x00000000)
 - injected 'klass' 'J' @16  2265847635192 (0x0000020f8f0b1cf8)
 - injected 'array_klass' 'J' @24  0 (0x0000000000000000)
 - injected 'oop_size' 'I' @32  14 (0x0000000e)
 - injected 'static_oop_field_count' 'I' @36  0 (0x00000000)
 - private volatile transient 'cachedConstructor' 'Ljava/lang/reflect/Constructor;' @40  null (0x00000000)
 - private transient 'name' 'Ljava/lang/String;' @44  null (0x00000000)
 - private transient 'module' 'Ljava/lang/Module;' @48  a 'java/lang/Module'{0x00000000c0396698} (0xc0396698)
 - private final 'classLoader' 'Ljava/lang/ClassLoader;' @52  null (0x00000000)
 - private transient 'classData' 'Ljava/lang/Object;' @56  null (0x00000000)
 - private transient 'packageName' 'Ljava/lang/String;' @60  null (0x00000000)
 - private final 'componentType' 'Ljava/lang/Class;' @64  null (0x00000000)
 - private volatile transient 'reflectionData' 'Ljava/lang/ref/SoftReference;' @68  null (0x00000000)
 - private volatile transient 'genericInfo' 'Lsun/reflect/generics/repository/ClassRepository;' @72  null (0x00000000)
 - private volatile transient 'enumConstants' '[Ljava/lang/Object;' @76  null (0x00000000)
 - private volatile transient 'enumConstantDirectory' 'Ljava/util/Map;' @80  null (0x00000000)
 - private volatile transient 'annotationData' 'Ljava/lang/Class$AnnotationData;' @84  null (0x00000000)
 - private volatile transient 'annotationType' 'Lsun/reflect/annotation/AnnotationType;' @88  null (0x00000000)
 - transient 'classValueMap' 'Ljava/lang/ClassValue$ClassValueMap;' @92  null (0x00000000)
 - injected 'protection_domain' 'Ljava/lang/Object;' @96  null (0x00000000)
 - injected 'signers_name' 'Ljava/lang/Object;' @100  null (0x00000000)
 - injected 'source_file' 'Ljava/lang/Object;' @104  null (0x00000000)
 - signature: Ljava/lang/invoke/DirectMethodHandle$Holder;
 - ---- static fields (0):
stack at sp + 7 slots: {method} {0x0000020f8f0b6c78} 'newInvokeSpecial' '(Ljava/lang/Object;)Ljava/lang/Object;' in 'java/lang/invoke/DirectMethodHandle$Holder'

MethodHandle::interpreter_entry::_linkToSpecial [0x0000020f8756ade8, 0x0000020f8756ae37] (79 bytes)
[MachCode]
  0x0000020f8756ade8: 6666 660f | 1f84 0000 | 0000 0066 | 6666 9066 | 0f1f 8400 | 0000 0000 | 488b 5308 | 0fb7 522e 
  0x0000020f8756ae08: 488b 0cd4 | 585b 5048 | 3b01 8b5b | 2448 8b5b | 1048 85db | 0f84 1000 | 0000 4180 | bfe0 0500 
  0x0000020f8756ae28: 0000 7403 | ff63 38ff | 6350 e9c9 | 
[/MachCode]

---------------  P R O C E S S  ---------------

Threads class SMR info:
_java_thread_list=0x0000020ffee7cf00, length=22, elements={
0x0000020ffc495130, 0x0000020ffc496050, 0x0000020ffc49a320, 0x0000020ffc49c220,
0x0000020ffc49cc80, 0x0000020ffc49d810, 0x0000020ffc4aa5d0, 0x0000020ffc4af580,
0x0000020ffc69f960, 0x0000020ffc7b5b60, 0x0000020ffc7b61e0, 0x0000020ffc8d63f0,
0x0000020ffd01e6f0, 0x0000020fd95379f0, 0x0000020fd93e01d0, 0x0000020fd93e3ce0,
0x0000020fd93e0860, 0x0000020fd93df4b0, 0x0000020fd93de790, 0x0000020fd93e4a00,
0x0000020fd93e0ef0, 0x0000020fd93dfb40
}

Java Threads: ( => current thread )
  0x0000020ffc495130 JavaThread "Reference Handler"          daemon [_thread_blocked, id=12856, stack(0x0000003cc5900000,0x0000003cc5a00000) (1024K)]
  0x0000020ffc496050 JavaThread "Finalizer"                  daemon [_thread_blocked, id=10276, stack(0x0000003cc5a00000,0x0000003cc5b00000) (1024K)]
  0x0000020ffc49a320 JavaThread "Signal Dispatcher"          daemon [_thread_blocked, id=13204, stack(0x0000003cc5b00000,0x0000003cc5c00000) (1024K)]
  0x0000020ffc49c220 JavaThread "Attach Listener"            daemon [_thread_blocked, id=2500, stack(0x0000003cc5c00000,0x0000003cc5d00000) (1024K)]
  0x0000020ffc49cc80 JavaThread "Service Thread"             daemon [_thread_blocked, id=7612, stack(0x0000003cc5d00000,0x0000003cc5e00000) (1024K)]
  0x0000020ffc49d810 JavaThread "Monitor Deflation Thread"   daemon [_thread_blocked, id=10972, stack(0x0000003cc5e00000,0x0000003cc5f00000) (1024K)]
  0x0000020ffc4aa5d0 JavaThread "C2 CompilerThread0"         daemon [_thread_blocked, id=10876, stack(0x0000003cc5f00000,0x0000003cc6000000) (1024K)]
  0x0000020ffc4af580 JavaThread "C1 CompilerThread0"         daemon [_thread_blocked, id=9384, stack(0x0000003cc6000000,0x0000003cc6100000) (1024K)]
  0x0000020ffc69f960 JavaThread "Common-Cleaner"             daemon [_thread_blocked, id=9616, stack(0x0000003cc6100000,0x0000003cc6200000) (1024K)]
  0x0000020ffc7b5b60 JavaThread "JDWP Transport Listener: dt_socket" daemon [_thread_blocked, id=13096, stack(0x0000003cc6200000,0x0000003cc6300000) (1024K)]
  0x0000020ffc7b61e0 JavaThread "JDWP Event Helper Thread"   daemon [_thread_blocked, id=10636, stack(0x0000003cc6300000,0x0000003cc6400000) (1024K)]
  0x0000020ffc8d63f0 JavaThread "JDWP Command Reader"        daemon [_thread_blocked, id=8252, stack(0x0000003cc6400000,0x0000003cc6500000) (1024K)]
  0x0000020ffd01e6f0 JavaThread "Notification Thread"        daemon [_thread_blocked, id=3680, stack(0x0000003cc6600000,0x0000003cc6700000) (1024K)]
  0x0000020fd95379f0 JavaThread "Live Reload Server"         daemon [_thread_in_native, id=12264, stack(0x0000003cc7b00000,0x0000003cc7c00000) (1024K)]
  0x0000020fd93e01d0 JavaThread "DestroyJavaVM"                     [_thread_blocked, id=11688, stack(0x0000003cc5100000,0x0000003cc5200000) (1024K)]
  0x0000020fd93e3ce0 JavaThread "Thread-5"                          [_thread_blocked, id=7080, stack(0x0000003cc4e00000,0x0000003cc4f00000) (1024K)]
=>0x0000020fd93e0860 JavaThread "restartedMain"                     [_thread_in_Java, id=11596, stack(0x0000003cc4f00000,0x0000003cc5000000) (1024K)]
  0x0000020fd93df4b0 JavaThread "Catalina-utility-1"                [_thread_blocked, id=9272, stack(0x0000003cc7000000,0x0000003cc7100000) (1024K)]
  0x0000020fd93de790 JavaThread "Catalina-utility-2"                [_thread_blocked, id=7436, stack(0x0000003cc7200000,0x0000003cc7300000) (1024K)]
  0x0000020fd93e4a00 JavaThread "container-0"                       [_thread_blocked, id=12504, stack(0x0000003cc7300000,0x0000003cc7400000) (1024K)]
  0x0000020fd93e0ef0 JavaThread "PostgreSQL-JDBC-Cleaner"    daemon [_thread_blocked, id=12532, stack(0x0000003cc7400000,0x0000003cc7500000) (1024K)]
  0x0000020fd93dfb40 JavaThread "HikariPool-2 housekeeper"   daemon [_thread_blocked, id=11080, stack(0x0000003cc7600000,0x0000003cc7700000) (1024K)]
Total: 22

Other Threads:
  0x0000020ffc4762d0 VMThread "VM Thread"                           [id=2288, stack(0x0000003cc5800000,0x0000003cc5900000) (1024K)] _threads_hazard_ptr=0x0000020ffee7cf00
  0x0000020ffc45f0a0 WatcherThread "VM Periodic Task Thread"        [id=5324, stack(0x0000003cc5700000,0x0000003cc5800000) (1024K)]
  0x0000020fefefaee0 WorkerThread "GC Thread#0"                     [id=1084, stack(0x0000003cc5200000,0x0000003cc5300000) (1024K)]
  0x0000020ffd54eb60 WorkerThread "GC Thread#1"                     [id=9536, stack(0x0000003cc6700000,0x0000003cc6800000) (1024K)]
  0x0000020ffd2ab020 WorkerThread "GC Thread#2"                     [id=10696, stack(0x0000003cc6800000,0x0000003cc6900000) (1024K)]
  0x0000020ffd4b9370 WorkerThread "GC Thread#3"                     [id=1624, stack(0x0000003cc6900000,0x0000003cc6a00000) (1024K)]
  0x0000020ffd256f10 WorkerThread "GC Thread#4"                     [id=3272, stack(0x0000003cc6a00000,0x0000003cc6b00000) (1024K)]
  0x0000020ffd2ae930 WorkerThread "GC Thread#5"                     [id=6888, stack(0x0000003cc6b00000,0x0000003cc6c00000) (1024K)]
  0x0000020ffd2bfc00 WorkerThread "GC Thread#6"                     [id=1852, stack(0x0000003cc6c00000,0x0000003cc6d00000) (1024K)]
  0x0000020ffd2c03a0 WorkerThread "GC Thread#7"                     [id=8900, stack(0x0000003cc6d00000,0x0000003cc6e00000) (1024K)]
  0x0000020feff04de0 ConcurrentGCThread "G1 Main Marker"            [id=13136, stack(0x0000003cc5300000,0x0000003cc5400000) (1024K)]
  0x0000020feff057f0 WorkerThread "G1 Conc#0"                       [id=3116, stack(0x0000003cc5400000,0x0000003cc5500000) (1024K)]
  0x0000020ffd9ccae0 WorkerThread "G1 Conc#1"                       [id=5732, stack(0x0000003cc7100000,0x0000003cc7200000) (1024K)]
  0x0000020feff7d3f0 ConcurrentGCThread "G1 Refine#0"               [id=1632, stack(0x0000003cc5500000,0x0000003cc5600000) (1024K)]
  0x0000020feff7de70 ConcurrentGCThread "G1 Service"                [id=10520, stack(0x0000003cc5600000,0x0000003cc5700000) (1024K)]
Total: 15

Threads with active compile tasks:
Total: 0

VM state: synchronizing (normal execution)

VM Mutex/Monitor currently owned by a thread:  ([mutex/lock_event])
[0x00007ff9b59bcd68] Threads_lock - owner thread: 0x0000020ffc4762d0

Heap address: 0x00000000c0000000, size: 1024 MB, Compressed Oops mode: 32-bit

CDS archive(s) mapped at: [0x0000020f8f000000-0x0000020f8fc90000-0x0000020f8fc90000), size 13172736, SharedBaseAddress: 0x0000020f8f000000, ArchiveRelocationMode: 1.
Compressed class space mapped at: 0x0000020f90000000-0x0000020fd0000000, reserved size: 1073741824
Narrow klass base: 0x0000020f8f000000, Narrow klass shift: 0, Narrow klass range: 0x100000000

GC Precious Log:
 CardTable entry size: 512
 Card Set container configuration: InlinePtr #cards 5 size 8 Array Of Cards #cards 12 size 40 Howl #buckets 4 coarsen threshold 1843 Howl Bitmap #cards 512 size 80 coarsen threshold 460 Card regions per heap region 1 cards per card region 2048
 CPUs: 8 total, 8 available
 Memory: 7971M
 Large Page Support: Disabled
 NUMA Support: Disabled
 Compressed Oops: Enabled (32-bit)
 Heap Region Size: 1M
 Heap Min Capacity: 8M
 Heap Initial Capacity: 126M
 Heap Max Capacity: 1G
 Pre-touch: Disabled
 Parallel Workers: 8
 Concurrent Workers: 2
 Concurrent Refinement Workers: 8
 Periodic GC: Disabled

Heap:
 garbage-first heap   total 71680K, used 38171K [0x00000000c0000000, 0x0000000100000000)
  region size 1024K, 16 young (16384K), 4 survivors (4096K)
 Metaspace       used 64135K, committed 64896K, reserved 1114112K
  class space    used 8409K, committed 8768K, reserved 1048576K

Heap Regions: E=young(eden), S=young(survivor), O=old, HS=humongous(starts), HC=humongous(continues), CS=collection set, F=free, TAMS=top-at-mark-start, PB=parsable bottom
|   0|0x00000000c0000000, 0x00000000c0100000, 0x00000000c0100000|100%|HS|  |TAMS 0x00000000c0000000| PB 0x00000000c0000000| Untracked 
|   1|0x00000000c0100000, 0x00000000c0200000, 0x00000000c0200000|100%| O|  |TAMS 0x00000000c0100000| PB 0x00000000c0100000| Untracked 
|   2|0x00000000c0200000, 0x00000000c0300000, 0x00000000c0300000|100%| O|  |TAMS 0x00000000c0200000| PB 0x00000000c0200000| Untracked 
|   3|0x00000000c0300000, 0x00000000c03fffe0, 0x00000000c0400000| 99%| O|  |TAMS 0x00000000c0300000| PB 0x00000000c0300000| Untracked 
|   4|0x00000000c0400000, 0x00000000c0500000, 0x00000000c0500000|100%| O|  |TAMS 0x00000000c0400000| PB 0x00000000c0400000| Untracked 
|   5|0x00000000c0500000, 0x00000000c0600000, 0x00000000c0600000|100%| O|  |TAMS 0x00000000c0500000| PB 0x00000000c0500000| Untracked 
|   6|0x00000000c0600000, 0x00000000c0700000, 0x00000000c0700000|100%| O|  |TAMS 0x00000000c0600000| PB 0x00000000c0600000| Untracked 
|   7|0x00000000c0700000, 0x00000000c07fffc0, 0x00000000c0800000| 99%| O|  |TAMS 0x00000000c0700000| PB 0x00000000c0700000| Untracked 
|   8|0x00000000c0800000, 0x00000000c08fffc0, 0x00000000c0900000| 99%| O|  |TAMS 0x00000000c0800000| PB 0x00000000c0800000| Untracked 
|   9|0x00000000c0900000, 0x00000000c09ffff8, 0x00000000c0a00000| 99%| O|  |TAMS 0x00000000c0900000| PB 0x00000000c0900000| Untracked 
|  10|0x00000000c0a00000, 0x00000000c0affff8, 0x00000000c0b00000| 99%| O|  |TAMS 0x00000000c0a00000| PB 0x00000000c0a00000| Untracked 
|  11|0x00000000c0b00000, 0x00000000c0bfffe0, 0x00000000c0c00000| 99%| O|  |TAMS 0x00000000c0b00000| PB 0x00000000c0b00000| Untracked 
|  12|0x00000000c0c00000, 0x00000000c0cfffc8, 0x00000000c0d00000| 99%| O|  |TAMS 0x00000000c0c00000| PB 0x00000000c0c00000| Untracked 
|  13|0x00000000c0d00000, 0x00000000c0dfffd8, 0x00000000c0e00000| 99%| O|  |TAMS 0x00000000c0d00000| PB 0x00000000c0d00000| Untracked 
|  14|0x00000000c0e00000, 0x00000000c0efffd8, 0x00000000c0f00000| 99%| O|  |TAMS 0x00000000c0e00000| PB 0x00000000c0e00000| Untracked 
|  15|0x00000000c0f00000, 0x00000000c0fffff0, 0x00000000c1000000| 99%| O|  |TAMS 0x00000000c0f00000| PB 0x00000000c0f00000| Untracked 
|  16|0x00000000c1000000, 0x00000000c10fffe8, 0x00000000c1100000| 99%| O|  |TAMS 0x00000000c1000000| PB 0x00000000c1000000| Untracked 
|  17|0x00000000c1100000, 0x00000000c11ffff8, 0x00000000c1200000| 99%| O|  |TAMS 0x00000000c1100000| PB 0x00000000c1100000| Untracked 
|  18|0x00000000c1200000, 0x00000000c12e55e0, 0x00000000c1300000| 89%| O|  |TAMS 0x00000000c1200000| PB 0x00000000c1200000| Untracked 
|  19|0x00000000c1300000, 0x00000000c13fffe8, 0x00000000c1400000| 99%| O|  |TAMS 0x00000000c1300000| PB 0x00000000c1300000| Untracked 
|  20|0x00000000c1400000, 0x00000000c143d0f8, 0x00000000c1500000| 23%| O|  |TAMS 0x00000000c1400000| PB 0x00000000c1400000| Untracked 
|  21|0x00000000c1500000, 0x00000000c1571b90, 0x00000000c1600000| 44%| O|  |TAMS 0x00000000c1500000| PB 0x00000000c1500000| Untracked 
|  22|0x00000000c1600000, 0x00000000c1680c60, 0x00000000c1700000| 50%| O|  |TAMS 0x00000000c1600000| PB 0x00000000c1600000| Untracked 
|  23|0x00000000c1700000, 0x00000000c1700000, 0x00000000c1800000|  0%| F|  |TAMS 0x00000000c1700000| PB 0x00000000c1700000| Untracked 
|  24|0x00000000c1800000, 0x00000000c18ffff8, 0x00000000c1900000| 99%| O|  |TAMS 0x00000000c1800000| PB 0x00000000c1800000| Untracked 
|  25|0x00000000c1900000, 0x00000000c1a00000, 0x00000000c1a00000|100%| S|CS|TAMS 0x00000000c1900000| PB 0x00000000c1900000| Complete 
|  26|0x00000000c1a00000, 0x00000000c1b00000, 0x00000000c1b00000|100%| S|CS|TAMS 0x00000000c1a00000| PB 0x00000000c1a00000| Complete 
|  27|0x00000000c1b00000, 0x00000000c1c00000, 0x00000000c1c00000|100%| S|CS|TAMS 0x00000000c1b00000| PB 0x00000000c1b00000| Complete 
|  28|0x00000000c1c00000, 0x00000000c1d00000, 0x00000000c1d00000|100%| S|CS|TAMS 0x00000000c1c00000| PB 0x00000000c1c00000| Complete 
|  29|0x00000000c1d00000, 0x00000000c1d322b0, 0x00000000c1e00000| 19%| O|  |TAMS 0x00000000c1d00000| PB 0x00000000c1d00000| Untracked 
|  30|0x00000000c1e00000, 0x00000000c1e00000, 0x00000000c1f00000|  0%| F|  |TAMS 0x00000000c1e00000| PB 0x00000000c1e00000| Untracked 
|  31|0x00000000c1f00000, 0x00000000c1f00000, 0x00000000c2000000|  0%| F|  |TAMS 0x00000000c1f00000| PB 0x00000000c1f00000| Untracked 
|  32|0x00000000c2000000, 0x00000000c2000000, 0x00000000c2100000|  0%| F|  |TAMS 0x00000000c2000000| PB 0x00000000c2000000| Untracked 
|  33|0x00000000c2100000, 0x00000000c2100000, 0x00000000c2200000|  0%| F|  |TAMS 0x00000000c2100000| PB 0x00000000c2100000| Untracked 
|  34|0x00000000c2200000, 0x00000000c2200000, 0x00000000c2300000|  0%| F|  |TAMS 0x00000000c2200000| PB 0x00000000c2200000| Untracked 
|  35|0x00000000c2300000, 0x00000000c2300000, 0x00000000c2400000|  0%| F|  |TAMS 0x00000000c2300000| PB 0x00000000c2300000| Untracked 
|  36|0x00000000c2400000, 0x00000000c2400000, 0x00000000c2500000|  0%| F|  |TAMS 0x00000000c2400000| PB 0x00000000c2400000| Untracked 
|  37|0x00000000c2500000, 0x00000000c2500000, 0x00000000c2600000|  0%| F|  |TAMS 0x00000000c2500000| PB 0x00000000c2500000| Untracked 
|  38|0x00000000c2600000, 0x00000000c2600000, 0x00000000c2700000|  0%| F|  |TAMS 0x00000000c2600000| PB 0x00000000c2600000| Untracked 
|  39|0x00000000c2700000, 0x00000000c2700000, 0x00000000c2800000|  0%| F|  |TAMS 0x00000000c2700000| PB 0x00000000c2700000| Untracked 
|  40|0x00000000c2800000, 0x00000000c2800000, 0x00000000c2900000|  0%| F|  |TAMS 0x00000000c2800000| PB 0x00000000c2800000| Untracked 
|  41|0x00000000c2900000, 0x00000000c2900000, 0x00000000c2a00000|  0%| F|  |TAMS 0x00000000c2900000| PB 0x00000000c2900000| Untracked 
|  42|0x00000000c2a00000, 0x00000000c2a00000, 0x00000000c2b00000|  0%| F|  |TAMS 0x00000000c2a00000| PB 0x00000000c2a00000| Untracked 
|  43|0x00000000c2b00000, 0x00000000c2b00000, 0x00000000c2c00000|  0%| F|  |TAMS 0x00000000c2b00000| PB 0x00000000c2b00000| Untracked 
|  44|0x00000000c2c00000, 0x00000000c2c00000, 0x00000000c2d00000|  0%| F|  |TAMS 0x00000000c2c00000| PB 0x00000000c2c00000| Untracked 
|  45|0x00000000c2d00000, 0x00000000c2d00000, 0x00000000c2e00000|  0%| F|  |TAMS 0x00000000c2d00000| PB 0x00000000c2d00000| Untracked 
|  46|0x00000000c2e00000, 0x00000000c2e00000, 0x00000000c2f00000|  0%| F|  |TAMS 0x00000000c2e00000| PB 0x00000000c2e00000| Untracked 
|  47|0x00000000c2f00000, 0x00000000c2f00000, 0x00000000c3000000|  0%| F|  |TAMS 0x00000000c2f00000| PB 0x00000000c2f00000| Untracked 
|  48|0x00000000c3000000, 0x00000000c3000000, 0x00000000c3100000|  0%| F|  |TAMS 0x00000000c3000000| PB 0x00000000c3000000| Untracked 
|  49|0x00000000c3100000, 0x00000000c3100000, 0x00000000c3200000|  0%| F|  |TAMS 0x00000000c3100000| PB 0x00000000c3100000| Untracked 
|  50|0x00000000c3200000, 0x00000000c3200000, 0x00000000c3300000|  0%| F|  |TAMS 0x00000000c3200000| PB 0x00000000c3200000| Untracked 
|  51|0x00000000c3300000, 0x00000000c3300000, 0x00000000c3400000|  0%| F|  |TAMS 0x00000000c3300000| PB 0x00000000c3300000| Untracked 
|  52|0x00000000c3400000, 0x00000000c3400000, 0x00000000c3500000|  0%| F|  |TAMS 0x00000000c3400000| PB 0x00000000c3400000| Untracked 
|  53|0x00000000c3500000, 0x00000000c3500000, 0x00000000c3600000|  0%| F|  |TAMS 0x00000000c3500000| PB 0x00000000c3500000| Untracked 
|  54|0x00000000c3600000, 0x00000000c3600000, 0x00000000c3700000|  0%| F|  |TAMS 0x00000000c3600000| PB 0x00000000c3600000| Untracked 
|  55|0x00000000c3700000, 0x00000000c3700000, 0x00000000c3800000|  0%| F|  |TAMS 0x00000000c3700000| PB 0x00000000c3700000| Untracked 
|  56|0x00000000c3800000, 0x00000000c3800000, 0x00000000c3900000|  0%| F|  |TAMS 0x00000000c3800000| PB 0x00000000c3800000| Untracked 
|  57|0x00000000c3900000, 0x00000000c3900000, 0x00000000c3a00000|  0%| F|  |TAMS 0x00000000c3900000| PB 0x00000000c3900000| Untracked 
|  58|0x00000000c3a00000, 0x00000000c3a444c0, 0x00000000c3b00000| 26%| E|  |TAMS 0x00000000c3a00000| PB 0x00000000c3a00000| Complete 
|  59|0x00000000c3b00000, 0x00000000c3c00000, 0x00000000c3c00000|100%| E|CS|TAMS 0x00000000c3b00000| PB 0x00000000c3b00000| Complete 
|  60|0x00000000c3c00000, 0x00000000c3d00000, 0x00000000c3d00000|100%| E|CS|TAMS 0x00000000c3c00000| PB 0x00000000c3c00000| Complete 
|  61|0x00000000c3d00000, 0x00000000c3e00000, 0x00000000c3e00000|100%| E|CS|TAMS 0x00000000c3d00000| PB 0x00000000c3d00000| Complete 
|  62|0x00000000c3e00000, 0x00000000c3f00000, 0x00000000c3f00000|100%| E|CS|TAMS 0x00000000c3e00000| PB 0x00000000c3e00000| Complete 
|  63|0x00000000c3f00000, 0x00000000c4000000, 0x00000000c4000000|100%| E|CS|TAMS 0x00000000c3f00000| PB 0x00000000c3f00000| Complete 
|  64|0x00000000c4000000, 0x00000000c4100000, 0x00000000c4100000|100%| E|CS|TAMS 0x00000000c4000000| PB 0x00000000c4000000| Complete 
|  65|0x00000000c4100000, 0x00000000c4200000, 0x00000000c4200000|100%| E|CS|TAMS 0x00000000c4100000| PB 0x00000000c4100000| Complete 
|  66|0x00000000c4200000, 0x00000000c4300000, 0x00000000c4300000|100%| E|CS|TAMS 0x00000000c4200000| PB 0x00000000c4200000| Complete 
|  67|0x00000000c4300000, 0x00000000c4400000, 0x00000000c4400000|100%| E|CS|TAMS 0x00000000c4300000| PB 0x00000000c4300000| Complete 
| 125|0x00000000c7d00000, 0x00000000c7e00000, 0x00000000c7e00000|100%| E|CS|TAMS 0x00000000c7d00000| PB 0x00000000c7d00000| Complete 
|1023|0x00000000fff00000, 0x0000000100000000, 0x0000000100000000|100%| E|CS|TAMS 0x00000000fff00000| PB 0x00000000fff00000| Complete 

Card table byte_map: [0x0000020ff8850000,0x0000020ff8a50000] _byte_map_base: 0x0000020ff8250000

Marking Bits: (CMBitMap*) 0x0000020fefefb4f0
 Bits: [0x0000020ff8a50000, 0x0000020ff9a50000)

Polling page: 0x0000020fef680000

Metaspace:

Usage:
  Non-class:     54.42 MB used.
      Class:      8.21 MB used.
       Both:     62.63 MB used.

Virtual space:
  Non-class space:       64.00 MB reserved,      54.81 MB ( 86%) committed,  1 nodes.
      Class space:        1.00 GB reserved,       8.56 MB ( <1%) committed,  1 nodes.
             Both:        1.06 GB reserved,      63.38 MB (  6%) committed. 

Chunk freelists:
   Non-Class:  8.44 MB
       Class:  7.48 MB
        Both:  15.92 MB

MaxMetaspaceSize: unlimited
CompressedClassSpaceSize: 1.00 GB
Initial GC threshold: 21.00 MB
Current GC threshold: 104.00 MB
CDS: on
 - commit_granule_bytes: 65536.
 - commit_granule_words: 8192.
 - virtual_space_node_default_size: 8388608.
 - enlarge_chunks_in_place: 1.
 - use_allocation_guard: 0.


Internal statistics:

num_allocs_failed_limit: 9.
num_arena_births: 950.
num_arena_deaths: 0.
num_vsnodes_births: 2.
num_vsnodes_deaths: 0.
num_space_committed: 1014.
num_space_uncommitted: 0.
num_chunks_returned_to_freelist: 9.
num_chunks_taken_from_freelist: 3264.
num_chunk_merges: 9.
num_chunk_splits: 2314.
num_chunks_enlarged: 1774.
num_inconsistent_stats: 0.

CodeHeap 'non-profiled nmethods': size=120000Kb used=5061Kb max_used=5061Kb free=114938Kb
 bounds [0x0000020f87ad0000, 0x0000020f87fd0000, 0x0000020f8f000000]
CodeHeap 'profiled nmethods': size=120000Kb used=11366Kb max_used=11366Kb free=108633Kb
 bounds [0x0000020f80000000, 0x0000020f80b20000, 0x0000020f87530000]
CodeHeap 'non-nmethods': size=5760Kb used=1940Kb max_used=2026Kb free=3819Kb
 bounds [0x0000020f87530000, 0x0000020f877a0000, 0x0000020f87ad0000]
 total_blobs=6649 nmethods=5940 adapters=613
 compilation: enabled
              stopped_count=0, restarted_count=0
 full_count=0

Compilation events (20 events):
Event: 283.317 Thread 0x0000020ffc4af580 6975       3       java.lang.StackTraceElement::length (13 bytes)
Event: 283.317 Thread 0x0000020ffc4af580 nmethod 6975 0x0000020f80b17c90 code [0x0000020f80b17e40, 0x0000020f80b18098]
Event: 283.320 Thread 0x0000020ffc4af580 6976       3       java.util.stream.Sink$ChainedInt::cancellationRequested (10 bytes)
Event: 283.320 Thread 0x0000020ffc4af580 nmethod 6976 0x0000020f80b18190 code [0x0000020f80b18340, 0x0000020f80b18520]
Event: 283.320 Thread 0x0000020ffc4af580 6978       3       java.util.regex.Pattern$$Lambda/0x0000020f9005f570::is (5 bytes)
Event: 283.320 Thread 0x0000020ffc4aa5d0 6977       4       java.util.regex.Matcher::search (154 bytes)
Event: 283.320 Thread 0x0000020ffc4af580 nmethod 6978 0x0000020f80b18610 code [0x0000020f80b187c0, 0x0000020f80b18a30]
Event: 283.320 Thread 0x0000020ffc4af580 6979       3       java.util.regex.Pattern::lambda$DOT$11 (34 bytes)
Event: 283.320 Thread 0x0000020ffc4af580 nmethod 6979 0x0000020f80b18b10 code [0x0000020f80b18cc0, 0x0000020f80b18eb0]
Event: 283.321 Thread 0x0000020ffc4af580 6981       3       java.lang.String::getBytes (44 bytes)
Event: 283.321 Thread 0x0000020ffc4af580 nmethod 6981 0x0000020f80b18f10 code [0x0000020f80b190e0, 0x0000020f80b19400]
Event: 283.321 Thread 0x0000020ffc4af580 6983       3       java.lang.StringBuilder::append (8 bytes)
Event: 283.321 Thread 0x0000020ffc4af580 nmethod 6983 0x0000020f80b19590 code [0x0000020f80b19740, 0x0000020f80b19898]
Event: 283.321 Thread 0x0000020ffc4af580 6984       3       java.lang.AbstractStringBuilder::append (45 bytes)
Event: 283.322 Thread 0x0000020ffc4af580 nmethod 6984 0x0000020f80b19990 code [0x0000020f80b19ba0, 0x0000020f80b1a0d8]
Event: 283.322 Thread 0x0000020ffc4af580 6982       3       java.lang.StringUTF16::length (5 bytes)
Event: 283.322 Thread 0x0000020ffc4af580 nmethod 6982 0x0000020f80b1a310 code [0x0000020f80b1a4a0, 0x0000020f80b1a598]
Event: 283.332 Thread 0x0000020ffc4aa5d0 nmethod 6977 0x0000020f87fbf990 code [0x0000020f87fbfbe0, 0x0000020f87fc08c0]
Event: 283.332 Thread 0x0000020ffc4aa5d0 6980       4       jdk.internal.util.Preconditions::checkIndex (18 bytes)
Event: 283.332 Thread 0x0000020ffc4aa5d0 nmethod 6980 0x0000020f87fc1190 code [0x0000020f87fc1320, 0x0000020f87fc13d0]

GC Heap History (20 events):
Event: 3.619 GC heap before
{Heap before GC invocations=12 (full 0):
 garbage-first heap   total 59392K, used 51240K [0x00000000c0000000, 0x0000000100000000)
  region size 1024K, 34 young (34816K), 3 survivors (3072K)
 Metaspace       used 41491K, committed 41984K, reserved 1114112K
  class space    used 5239K, committed 5440K, reserved 1048576K
}
Event: 3.622 GC heap after
{Heap after GC invocations=13 (full 0):
 garbage-first heap   total 59392K, used 19959K [0x00000000c0000000, 0x0000000100000000)
  region size 1024K, 3 young (3072K), 3 survivors (3072K)
 Metaspace       used 41491K, committed 41984K, reserved 1114112K
  class space    used 5239K, committed 5440K, reserved 1048576K
}
Event: 3.868 GC heap before
{Heap before GC invocations=13 (full 0):
 garbage-first heap   total 59392K, used 51703K [0x00000000c0000000, 0x0000000100000000)
  region size 1024K, 34 young (34816K), 3 survivors (3072K)
 Metaspace       used 44626K, committed 45248K, reserved 1114112K
  class space    used 5643K, committed 5952K, reserved 1048576K
}
Event: 3.871 GC heap after
{Heap after GC invocations=14 (full 0):
 garbage-first heap   total 59392K, used 20914K [0x00000000c0000000, 0x0000000100000000)
  region size 1024K, 3 young (3072K), 3 survivors (3072K)
 Metaspace       used 44626K, committed 45248K, reserved 1114112K
  class space    used 5643K, committed 5952K, reserved 1048576K
}
Event: 4.047 GC heap before
{Heap before GC invocations=14 (full 0):
 garbage-first heap   total 59392K, used 50610K [0x00000000c0000000, 0x0000000100000000)
  region size 1024K, 33 young (33792K), 3 survivors (3072K)
 Metaspace       used 48313K, committed 48896K, reserved 1114112K
  class space    used 6223K, committed 6528K, reserved 1048576K
}
Event: 4.050 GC heap after
{Heap after GC invocations=15 (full 0):
 garbage-first heap   total 59392K, used 21546K [0x00000000c0000000, 0x0000000100000000)
  region size 1024K, 4 young (4096K), 4 survivors (4096K)
 Metaspace       used 48313K, committed 48896K, reserved 1114112K
  class space    used 6223K, committed 6528K, reserved 1048576K
}
Event: 4.269 GC heap before
{Heap before GC invocations=15 (full 0):
 garbage-first heap   total 59392K, used 49194K [0x00000000c0000000, 0x0000000100000000)
  region size 1024K, 32 young (32768K), 4 survivors (4096K)
 Metaspace       used 51332K, committed 51904K, reserved 1114112K
  class space    used 6714K, committed 6976K, reserved 1048576K
}
Event: 4.272 GC heap after
{Heap after GC invocations=16 (full 0):
 garbage-first heap   total 71680K, used 21863K [0x00000000c0000000, 0x0000000100000000)
  region size 1024K, 2 young (2048K), 2 survivors (2048K)
 Metaspace       used 51332K, committed 51904K, reserved 1114112K
  class space    used 6714K, committed 6976K, reserved 1048576K
}
Event: 4.555 GC heap before
{Heap before GC invocations=16 (full 0):
 garbage-first heap   total 71680K, used 61799K [0x00000000c0000000, 0x0000000100000000)
  region size 1024K, 42 young (43008K), 2 survivors (2048K)
 Metaspace       used 55476K, committed 56128K, reserved 1114112K
  class space    used 7302K, committed 7616K, reserved 1048576K
}
Event: 4.558 GC heap after
{Heap after GC invocations=17 (full 0):
 garbage-first heap   total 71680K, used 22844K [0x00000000c0000000, 0x0000000100000000)
  region size 1024K, 3 young (3072K), 3 survivors (3072K)
 Metaspace       used 55476K, committed 56128K, reserved 1114112K
  class space    used 7302K, committed 7616K, reserved 1048576K
}
Event: 4.924 GC heap before
{Heap before GC invocations=17 (full 0):
 garbage-first heap   total 71680K, used 62780K [0x00000000c0000000, 0x0000000100000000)
  region size 1024K, 42 young (43008K), 3 survivors (3072K)
 Metaspace       used 58440K, committed 59072K, reserved 1114112K
  class space    used 7698K, committed 8000K, reserved 1048576K
}
Event: 4.928 GC heap after
{Heap after GC invocations=18 (full 0):
 garbage-first heap   total 71680K, used 24934K [0x00000000c0000000, 0x0000000100000000)
  region size 1024K, 5 young (5120K), 5 survivors (5120K)
 Metaspace       used 58440K, committed 59072K, reserved 1114112K
  class space    used 7698K, committed 8000K, reserved 1048576K
}
Event: 5.084 GC heap before
{Heap before GC invocations=18 (full 0):
 garbage-first heap   total 71680K, used 40294K [0x00000000c0000000, 0x0000000100000000)
  region size 1024K, 21 young (21504K), 5 survivors (5120K)
 Metaspace       used 59525K, committed 60160K, reserved 1114112K
  class space    used 7838K, committed 8128K, reserved 1048576K
}
Event: 5.088 GC heap after
{Heap after GC invocations=19 (full 0):
 garbage-first heap   total 71680K, used 26270K [0x00000000c0000000, 0x0000000100000000)
  region size 1024K, 5 young (5120K), 5 survivors (5120K)
 Metaspace       used 59525K, committed 60160K, reserved 1114112K
  class space    used 7838K, committed 8128K, reserved 1048576K
}
Event: 19.286 GC heap before
{Heap before GC invocations=20 (full 0):
 garbage-first heap   total 71680K, used 61086K [0x00000000c0000000, 0x0000000100000000)
  region size 1024K, 39 young (39936K), 5 survivors (5120K)
 Metaspace       used 62146K, committed 62912K, reserved 1114112K
  class space    used 8243K, committed 8576K, reserved 1048576K
}
Event: 19.290 GC heap after
{Heap after GC invocations=21 (full 0):
 garbage-first heap   total 71680K, used 27442K [0x00000000c0000000, 0x0000000100000000)
  region size 1024K, 3 young (3072K), 3 survivors (3072K)
 Metaspace       used 62146K, committed 62912K, reserved 1114112K
  class space    used 8243K, committed 8576K, reserved 1048576K
}
Event: 94.558 GC heap before
{Heap before GC invocations=21 (full 0):
 garbage-first heap   total 71680K, used 38706K [0x00000000c0000000, 0x0000000100000000)
  region size 1024K, 15 young (15360K), 3 survivors (3072K)
 Metaspace       used 63118K, committed 63872K, reserved 1114112K
  class space    used 8369K, committed 8704K, reserved 1048576K
}
Event: 94.596 GC heap after
{Heap after GC invocations=22 (full 1):
 garbage-first heap   total 71680K, used 22811K [0x00000000c0000000, 0x0000000100000000)
  region size 1024K, 0 young (0K), 0 survivors (0K)
 Metaspace       used 63118K, committed 63872K, reserved 1114112K
  class space    used 8369K, committed 8704K, reserved 1048576K
}
Event: 95.299 GC heap before
{Heap before GC invocations=22 (full 1):
 garbage-first heap   total 71680K, used 63771K [0x00000000c0000000, 0x0000000100000000)
  region size 1024K, 40 young (40960K), 0 survivors (0K)
 Metaspace       used 63697K, committed 64448K, reserved 1114112K
  class space    used 8383K, committed 8768K, reserved 1048576K
}
Event: 95.302 GC heap after
{Heap after GC invocations=23 (full 1):
 garbage-first heap   total 71680K, used 26907K [0x00000000c0000000, 0x0000000100000000)
  region size 1024K, 4 young (4096K), 4 survivors (4096K)
 Metaspace       used 63697K, committed 64448K, reserved 1114112K
  class space    used 8383K, committed 8768K, reserved 1048576K
}

Dll operation events (13 events):
Event: 0.008 Loaded shared library C:\Program Files\Java\jdk-21\bin\java.dll
Event: 0.038 Loaded shared library C:\Program Files\Java\jdk-21\bin\jsvml.dll
Event: 0.211 Loaded shared library C:\Program Files\Java\jdk-21\bin\zip.dll
Event: 0.214 Loaded shared library C:\Program Files\Java\jdk-21\bin\instrument.dll
Event: 0.217 Loaded shared library C:\Program Files\Java\jdk-21\bin\net.dll
Event: 0.218 Loaded shared library C:\Program Files\Java\jdk-21\bin\nio.dll
Event: 0.220 Loaded shared library C:\Program Files\Java\jdk-21\bin\zip.dll
Event: 0.346 Loaded shared library C:\Program Files\Java\jdk-21\bin\jimage.dll
Event: 0.389 Loaded shared library C:\Program Files\Java\jdk-21\bin\verify.dll
Event: 0.676 Loaded shared library C:\Program Files\Java\jdk-21\bin\management.dll
Event: 0.679 Loaded shared library C:\Program Files\Java\jdk-21\bin\management_ext.dll
Event: 1.357 Loaded shared library C:\Program Files\Java\jdk-21\bin\sunmscapi.dll
Event: 2.923 Loaded shared library C:\Program Files\Java\jdk-21\bin\extnet.dll

Deoptimization events (20 events):
Event: 283.320 Thread 0x0000020fd953a150 Uncommon trap: trap_request=0xffffff45 fr.pc=0x0000020f87b0f59c relative=0x00000000000005bc
Event: 283.320 Thread 0x0000020fd953a150 Uncommon trap: reason=unstable_if action=reinterpret pc=0x0000020f87b0f59c method=java.lang.AbstractStringBuilder.inflateIfNeededFor(Ljava/lang/String;)V @ 14 c2
Event: 283.320 Thread 0x0000020fd953a150 DEOPT PACKING pc=0x0000020f87b0f59c sp=0x0000003cc7afe750
Event: 283.320 Thread 0x0000020fd953a150 DEOPT UNPACKING pc=0x0000020f87587da2 sp=0x0000003cc7afe678 mode 2
Event: 283.320 Thread 0x0000020fd953a150 Uncommon trap: trap_request=0xffffff45 fr.pc=0x0000020f87b072c4 relative=0x0000000000000124
Event: 283.320 Thread 0x0000020fd953a150 Uncommon trap: reason=unstable_if action=reinterpret pc=0x0000020f87b072c4 method=java.lang.String.getBytes([BIB)V @ 5 c2
Event: 283.320 Thread 0x0000020fd953a150 DEOPT PACKING pc=0x0000020f87b072c4 sp=0x0000003cc7afe690
Event: 283.320 Thread 0x0000020fd953a150 DEOPT UNPACKING pc=0x0000020f87587da2 sp=0x0000003cc7afe668 mode 2
Event: 283.320 Thread 0x0000020fd953a150 Uncommon trap: trap_request=0xffffff45 fr.pc=0x0000020f87b9359c relative=0x00000000000005bc
Event: 283.320 Thread 0x0000020fd953a150 Uncommon trap: reason=unstable_if action=reinterpret pc=0x0000020f87b9359c method=java.lang.AbstractStringBuilder.isLatin1()Z @ 10 c2
Event: 283.320 Thread 0x0000020fd953a150 DEOPT PACKING pc=0x0000020f87b9359c sp=0x0000003cc7afe7a0
Event: 283.320 Thread 0x0000020fd953a150 DEOPT UNPACKING pc=0x0000020f87587da2 sp=0x0000003cc7afe678 mode 2
Event: 283.321 Thread 0x0000020fd953a150 Uncommon trap: trap_request=0xffffff45 fr.pc=0x0000020f87cf6098 relative=0x00000000000003b8
Event: 283.321 Thread 0x0000020fd953a150 Uncommon trap: reason=unstable_if action=reinterpret pc=0x0000020f87cf6098 method=java.lang.AbstractStringBuilder.appendChars(Ljava/lang/String;II)V @ 11 c2
Event: 283.321 Thread 0x0000020fd953a150 DEOPT PACKING pc=0x0000020f87cf6098 sp=0x0000003cc7afe770
Event: 283.321 Thread 0x0000020fd953a150 DEOPT UNPACKING pc=0x0000020f87587da2 sp=0x0000003cc7afe6d0 mode 2
Event: 283.323 Thread 0x0000020fd953a150 Uncommon trap: trap_request=0xffffff45 fr.pc=0x0000020f87c55448 relative=0x0000000000000308
Event: 283.323 Thread 0x0000020fd953a150 Uncommon trap: reason=unstable_if action=reinterpret pc=0x0000020f87c55448 method=java.lang.String.getChars(II[CI)V @ 24 c2
Event: 283.323 Thread 0x0000020fd953a150 DEOPT PACKING pc=0x0000020f87c55448 sp=0x0000003cc7afe730
Event: 283.323 Thread 0x0000020fd953a150 DEOPT UNPACKING pc=0x0000020f87587da2 sp=0x0000003cc7afe710 mode 2

Classes loaded (20 events):
Event: 87.263 Loading class java/util/concurrent/locks/AbstractQueuedSynchronizer$SharedNode
Event: 87.263 Loading class java/util/concurrent/locks/AbstractQueuedSynchronizer$SharedNode done
Event: 94.597 Loading class java/lang/ref/Finalizer$2
Event: 94.597 Loading class java/lang/ref/Finalizer$2 done
Event: 94.598 Loading class java/lang/ref/Finalizer$1
Event: 94.598 Loading class java/lang/ref/Finalizer$1 done
Event: 95.351 Loading class java/lang/invoke/WrongMethodTypeException
Event: 95.352 Loading class java/lang/invoke/WrongMethodTypeException done
Event: 283.315 Loading class jdk/internal/loader/BootLoader$PackageHelper
Event: 283.315 Loading class jdk/internal/loader/BootLoader$PackageHelper done
Event: 283.318 Loading class java/util/Scanner
Event: 283.318 Loading class java/util/Scanner done
Event: 283.319 Loading class java/util/Scanner$PatternLRUCache
Event: 283.319 Loading class java/util/Scanner$PatternLRUCache done
Event: 283.320 Loading class java/util/regex/Matcher$ImmutableMatchResult
Event: 283.320 Loading class java/util/regex/Matcher$ImmutableMatchResult done
Event: 283.323 Loading class java/io/PrintWriter$1
Event: 283.323 Loading class jdk/internal/access/JavaIOPrintWriterAccess
Event: 283.323 Loading class jdk/internal/access/JavaIOPrintWriterAccess done
Event: 283.323 Loading class java/io/PrintWriter$1 done

Classes unloaded (0 events):
No events

Classes redefined (1 events):
Event: 86.219 Thread 0x0000020ffc4762d0 redefined class name=br.com.rodizio.controller.EstablishmentController, count=1

Internal exceptions (20 events):
Event: 5.170 Thread 0x0000020ffd902680 Implicit null exception at 0x0000020f87ca0808 to 0x0000020f87ca0ac0
Event: 5.255 Thread 0x0000020ffd902680 Exception <a 'java/lang/NoSuchMethodError'{0x00000000c36ae648}: 'java.lang.Object java.lang.invoke.DirectMethodHandle$Holder.newInvokeSpecial(java.lang.Object, java.lang.Object, int, java.lang.Object, java.lang.Object)'> (0x00000000c36ae648) 
thrown [s\open\src\hotspot\share\interpreter\linkResolver.cpp, line 773]
Event: 5.256 Thread 0x0000020ffd902680 Exception <a 'java/lang/NoSuchMethodError'{0x00000000c36b9400}: 'java.lang.Object java.lang.invoke.DirectMethodHandle$Holder.invokeSpecial(java.lang.Object, java.lang.Object, int, java.lang.Object, int, java.lang.Object)'> (0x00000000c36b9400) 
thrown [s\open\src\hotspot\share\interpreter\linkResolver.cpp, line 773]
Event: 5.256 Thread 0x0000020ffd902680 Exception <a 'java/lang/NoSuchMethodError'{0x00000000c36c0860}: 'java.lang.Object java.lang.invoke.DirectMethodHandle$Holder.newInvokeSpecial(java.lang.Object, java.lang.Object, int, java.lang.Object, int)'> (0x00000000c36c0860) 
thrown [s\open\src\hotspot\share\interpreter\linkResolver.cpp, line 773]
Event: 5.256 Thread 0x0000020ffd902680 Exception <a 'java/lang/NoSuchMethodError'{0x00000000c36c46d0}: 'java.lang.Object java.lang.invoke.DirectMethodHandle$Holder.invokeSpecial(java.lang.Object, java.lang.Object, java.lang.Object, int, java.lang.Object, int)'> (0x00000000c36c46d0) 
thrown [s\open\src\hotspot\share\interpreter\linkResolver.cpp, line 773]
Event: 19.171 Thread 0x0000020fd9538080 Exception <a 'java/lang/NoSuchMethodError'{0x00000000c282ed60}: 'java.lang.Object java.lang.invoke.DirectMethodHandle$Holder.invokeSpecial(java.lang.Object, java.lang.Object, java.lang.Object, java.lang.Object, java.lang.Object, long)'> (0x00000000c282ed60) 
thrown [s\open\src\hotspot\share\interpreter\linkResolver.cpp, line 773]
Event: 19.171 Thread 0x0000020fd9538080 Exception <a 'java/lang/NoSuchMethodError'{0x00000000c2832520}: 'java.lang.Object java.lang.invoke.Invokers$Holder.linkToTargetMethod(java.lang.Object, java.lang.Object, java.lang.Object, long, java.lang.Object)'> (0x00000000c2832520) 
thrown [s\open\src\hotspot\share\interpreter\linkResolver.cpp, line 773]
Event: 94.557 Thread 0x0000020fd6887290 Exception <a 'java/lang/InterruptedException'{0x00000000c39f78a0}: sleep interrupted> (0x00000000c39f78a0) 
thrown [s\open\src\hotspot\share\prims\jvm.cpp, line 3074]
Event: 94.614 Thread 0x0000020fd93e0860 Exception <a 'sun/nio/fs/WindowsException'{0x00000000fff75fe0}> (0x00000000fff75fe0) 
thrown [s\open\src\hotspot\share\prims\jni.cpp, line 520]
Event: 95.029 Thread 0x0000020fd93e0860 Exception <a 'java/lang/NoClassDefFoundError'{0x00000000c30237c0}: org/flywaydb/core/Flyway> (0x00000000c30237c0) 
thrown [s\open\src\hotspot\share\oops\constantPool.cpp, line 871]
Event: 95.030 Thread 0x0000020fd93e0860 Exception <a 'java/lang/NoClassDefFoundError'{0x00000000c3023e20}: liquibase/integration/spring/SpringLiquibase> (0x00000000c3023e20) 
thrown [s\open\src\hotspot\share\oops\constantPool.cpp, line 871]
Event: 95.035 Thread 0x0000020fd93e0860 Exception <a 'java/lang/NoClassDefFoundError'{0x00000000c306c2b0}: org/jooq/DSLContext> (0x00000000c306c2b0) 
thrown [s\open\src\hotspot\share\oops\constantPool.cpp, line 871]
Event: 95.037 Thread 0x0000020fd93e0860 Exception <a 'java/lang/NoClassDefFoundError'{0x00000000c30738f0}: org/springframework/batch/core/repository/JobRepository> (0x00000000c30738f0) 
thrown [s\open\src\hotspot\share\oops\constantPool.cpp, line 871]
Event: 95.038 Thread 0x0000020fd93e0860 Exception <a 'java/lang/NoClassDefFoundError'{0x00000000c3073f48}: org/quartz/Scheduler> (0x00000000c3073f48) 
thrown [s\open\src\hotspot\share\oops\constantPool.cpp, line 871]
Event: 95.039 Thread 0x0000020fd93e0860 Exception <a 'java/lang/NoClassDefFoundError'{0x00000000c30745c8}: org/springframework/session/jdbc/JdbcIndexedSessionRepository> (0x00000000c30745c8) 
thrown [s\open\src\hotspot\share\oops\constantPool.cpp, line 871]
Event: 95.044 Thread 0x0000020fd93e0860 Implicit null exception at 0x0000020f87c85ce1 to 0x0000020f87c886e8
Event: 95.097 Thread 0x0000020fd93e0860 Exception <a 'java/io/FileNotFoundException'{0x00000000c2a57040}> (0x00000000c2a57040) 
thrown [s\open\src\hotspot\share\prims\jni.cpp, line 520]
Event: 95.114 Thread 0x0000020fd93e0860 Exception <a 'java/io/FileNotFoundException'{0x00000000c29e6e70}> (0x00000000c29e6e70) 
thrown [s\open\src\hotspot\share\prims\jni.cpp, line 520]
Event: 95.302 Thread 0x0000020fd93e0860 Implicit null exception at 0x0000020f87bc8bb5 to 0x0000020f87bc8f5c
Event: 283.316 Thread 0x0000020fd953a150 Implicit null exception at 0x0000020f87ea01ff to 0x0000020f87ea02e4

ZGC Phase Switch (0 events):
No events

VM Operations (20 events):
Event: 283.352 Executing VM operation: get/set locals
Event: 283.352 Executing VM operation: get/set locals done
Event: 283.353 Executing VM operation: get/set locals
Event: 283.353 Executing VM operation: get/set locals done
Event: 283.353 Executing VM operation: get/set locals
Event: 283.353 Executing VM operation: get/set locals done
Event: 283.354 Executing VM operation: get/set locals
Event: 283.354 Executing VM operation: get/set locals done
Event: 283.354 Executing VM operation: get/set locals
Event: 283.354 Executing VM operation: get/set locals done
Event: 283.354 Executing VM operation: get/set locals
Event: 283.354 Executing VM operation: get/set locals done
Event: 283.355 Executing VM operation: get/set locals
Event: 283.355 Executing VM operation: get/set locals done
Event: 283.355 Executing VM operation: get/set locals
Event: 283.355 Executing VM operation: get/set locals done
Event: 283.356 Executing VM operation: get/set locals
Event: 283.356 Executing VM operation: get/set locals done
Event: 283.356 Executing VM operation: get/set locals
Event: 283.356 Executing VM operation: get/set locals done

Events (20 events):
Event: 94.584 Thread 0x0000020ffc4762d0 flushing nmethod 0x0000020f87b00e10
Event: 94.584 Thread 0x0000020ffc4762d0 flushing nmethod 0x0000020f87adf590
Event: 94.584 Thread 0x0000020ffc4762d0 flushing nmethod 0x0000020f87ad0a10
Event: 94.598 Thread 0x0000020fd93e4370 Thread added: 0x0000020fd93e4370
Event: 94.598 Thread 0x0000020fd93e4370 Thread exited: 0x0000020fd93e4370
Event: 94.599 Thread 0x0000020fd93e0860 Thread added: 0x0000020fd93e0860
Event: 94.615 Thread 0x0000020ffe38d730 Thread added: 0x0000020ffe38d730
Event: 94.616 Thread 0x0000020ffe390010 Thread added: 0x0000020ffe390010
Event: 94.691 Thread 0x0000020fd93e3650 Thread added: 0x0000020fd93e3650
Event: 94.751 Thread 0x0000020fd93e3650 Thread exited: 0x0000020fd93e3650
Event: 95.114 Thread 0x0000020fd93df4b0 Thread added: 0x0000020fd93df4b0
Event: 95.114 Thread 0x0000020fd93de790 Thread added: 0x0000020fd93de790
Event: 95.115 Thread 0x0000020fd93e4a00 Thread added: 0x0000020fd93e4a00
Event: 95.190 Thread 0x0000020fd93e0ef0 Thread added: 0x0000020fd93e0ef0
Event: 95.191 Thread 0x0000020fd93dfb40 Thread added: 0x0000020fd93dfb40
Event: 95.308 Thread 0x0000020fd93e2fc0 Thread added: 0x0000020fd93e2fc0
Event: 95.934 Thread 0x0000020ffe390010 Thread exited: 0x0000020ffe390010
Event: 95.935 Thread 0x0000020ffe38d730 Thread exited: 0x0000020ffe38d730
Event: 100.962 Thread 0x0000020fd93e2fc0 Thread exited: 0x0000020fd93e2fc0
Event: 283.325 Thread 0x0000020fd953a150 Thread exited: 0x0000020fd953a150


Dynamic libraries:
0x00007ff7dba80000 - 0x00007ff7dba90000 	C:\Program Files\Java\jdk-21\bin\javaw.exe
0x00007ff9f8c10000 - 0x00007ff9f8e27000 	C:\WINDOWS\SYSTEM32\ntdll.dll
0x00007ff9f8260000 - 0x00007ff9f8324000 	C:\WINDOWS\System32\KERNEL32.DLL
0x00007ff9f6470000 - 0x00007ff9f6816000 	C:\WINDOWS\System32\KERNELBASE.dll
0x00007ff9f62e0000 - 0x00007ff9f63f1000 	C:\WINDOWS\System32\ucrtbase.dll
0x00007ff9e6050000 - 0x00007ff9e6069000 	C:\Program Files\Java\jdk-21\bin\jli.dll
0x00007ff9e6210000 - 0x00007ff9e622b000 	C:\Program Files\Java\jdk-21\bin\VCRUNTIME140.dll
0x00007ff9f8930000 - 0x00007ff9f89e3000 	C:\WINDOWS\System32\ADVAPI32.dll
0x00007ff9f7f30000 - 0x00007ff9f7fd7000 	C:\WINDOWS\System32\msvcrt.dll
0x00007ff9f7c50000 - 0x00007ff9f7cf8000 	C:\WINDOWS\System32\sechost.dll
0x00007ff9f6110000 - 0x00007ff9f6138000 	C:\WINDOWS\System32\bcrypt.dll
0x00007ff9f8100000 - 0x00007ff9f8217000 	C:\WINDOWS\System32\RPCRT4.dll
0x00007ff9f78c0000 - 0x00007ff9f7a6e000 	C:\WINDOWS\System32\USER32.dll
0x00007ff9f62b0000 - 0x00007ff9f62d6000 	C:\WINDOWS\System32\win32u.dll
0x00007ff9f8220000 - 0x00007ff9f8249000 	C:\WINDOWS\System32\GDI32.dll
0x00007ff9cdc10000 - 0x00007ff9cdea3000 	C:\WINDOWS\WinSxS\amd64_microsoft.windows.common-controls_6595b64144ccf1df_6.0.22621.2506_none_270c5ae97388e100\COMCTL32.dll
0x00007ff9f5ff0000 - 0x00007ff9f6108000 	C:\WINDOWS\System32\gdi32full.dll
0x00007ff9f5f50000 - 0x00007ff9f5fea000 	C:\WINDOWS\System32\msvcp_win.dll
0x00007ff9e19e0000 - 0x00007ff9e19ea000 	C:\WINDOWS\SYSTEM32\VERSION.dll
0x00007ff9f6a10000 - 0x00007ff9f6a41000 	C:\WINDOWS\System32\IMM32.DLL
0x00007ff9f2e10000 - 0x00007ff9f2e1c000 	C:\Program Files\Java\jdk-21\bin\vcruntime140_1.dll
0x00007ff9d3570000 - 0x00007ff9d35fe000 	C:\Program Files\Java\jdk-21\bin\msvcp140.dll
0x00007ff9b4d80000 - 0x00007ff9b5a97000 	C:\Program Files\Java\jdk-21\bin\server\jvm.dll
0x00007ff9f7d00000 - 0x00007ff9f7d71000 	C:\WINDOWS\System32\WS2_32.dll
0x00007ff9f5060000 - 0x00007ff9f50ad000 	C:\WINDOWS\SYSTEM32\POWRPROF.dll
0x00007ff9e3270000 - 0x00007ff9e32a4000 	C:\WINDOWS\SYSTEM32\WINMM.dll
0x00007ff9f4ff0000 - 0x00007ff9f5003000 	C:\WINDOWS\SYSTEM32\UMPDC.dll
0x00007ff9f4fd0000 - 0x00007ff9f4fe8000 	C:\WINDOWS\SYSTEM32\kernel.appcore.dll
0x00007ff9f2dc0000 - 0x00007ff9f2dca000 	C:\Program Files\Java\jdk-21\bin\jimage.dll
0x00007ff9f3820000 - 0x00007ff9f3a53000 	C:\WINDOWS\SYSTEM32\DBGHELP.DLL
0x00007ff9f8330000 - 0x00007ff9f86b9000 	C:\WINDOWS\System32\combase.dll
0x00007ff9f7b70000 - 0x00007ff9f7c47000 	C:\WINDOWS\System32\OLEAUT32.dll
0x00007ff9e7bb0000 - 0x00007ff9e7be2000 	C:\WINDOWS\SYSTEM32\dbgcore.DLL
0x00007ff9f6820000 - 0x00007ff9f689a000 	C:\WINDOWS\System32\bcryptPrimitives.dll
0x00007ff9e5c50000 - 0x00007ff9e5c8c000 	C:\Program Files\Java\jdk-21\bin\jdwp.dll
0x00007ff9ed900000 - 0x00007ff9ed90f000 	C:\Program Files\Java\jdk-21\bin\instrument.dll
0x00007ff9e6030000 - 0x00007ff9e604f000 	C:\Program Files\Java\jdk-21\bin\java.dll
0x00007ff9f6a50000 - 0x00007ff9f72aa000 	C:\WINDOWS\System32\SHELL32.dll
0x00007ff9f3e50000 - 0x00007ff9f4746000 	C:\WINDOWS\SYSTEM32\windows.storage.dll
0x00007ff9f3d10000 - 0x00007ff9f3e4e000 	C:\WINDOWS\SYSTEM32\wintypes.dll
0x00007ff9f8000000 - 0x00007ff9f80f3000 	C:\WINDOWS\System32\SHCORE.dll
0x00007ff9f72d0000 - 0x00007ff9f732e000 	C:\WINDOWS\System32\shlwapi.dll
0x00007ff9f5e80000 - 0x00007ff9f5ea6000 	C:\WINDOWS\SYSTEM32\profapi.dll
0x00007ff9d2ff0000 - 0x00007ff9d30c7000 	C:\Program Files\Java\jdk-21\bin\jsvml.dll
0x00007ff9f2db0000 - 0x00007ff9f2dbc000 	C:\Program Files\Java\jdk-21\bin\dt_socket.dll
0x00007ff9f49b0000 - 0x00007ff9f49dd000 	C:\WINDOWS\SYSTEM32\IPHLPAPI.DLL
0x00007ff9f54f0000 - 0x00007ff9f5559000 	C:\WINDOWS\system32\mswsock.dll
0x00007ff9f49e0000 - 0x00007ff9f4ad9000 	C:\WINDOWS\SYSTEM32\DNSAPI.dll
0x00007ff9f7d80000 - 0x00007ff9f7d89000 	C:\WINDOWS\System32\NSI.dll
0x00007ff9e5330000 - 0x00007ff9e533a000 	C:\Windows\System32\rasadhlp.dll
0x00007ff9e5340000 - 0x00007ff9e53c3000 	C:\WINDOWS\System32\fwpuclnt.dll
0x00007ff9e6010000 - 0x00007ff9e6028000 	C:\Program Files\Java\jdk-21\bin\zip.dll
0x00007ff9e6200000 - 0x00007ff9e6210000 	C:\Program Files\Java\jdk-21\bin\net.dll
0x00007ff9e5550000 - 0x00007ff9e5687000 	C:\WINDOWS\SYSTEM32\WINHTTP.dll
0x00007ff9e5f90000 - 0x00007ff9e5fa6000 	C:\Program Files\Java\jdk-21\bin\nio.dll
0x00007ff9e6000000 - 0x00007ff9e6010000 	C:\Program Files\Java\jdk-21\bin\verify.dll
0x00007ff9e58c0000 - 0x00007ff9e58ca000 	C:\Program Files\Java\jdk-21\bin\management.dll
0x00007ff9e48d0000 - 0x00007ff9e48db000 	C:\Program Files\Java\jdk-21\bin\management_ext.dll
0x00007ff9f7ff0000 - 0x00007ff9f7ff8000 	C:\WINDOWS\System32\PSAPI.DLL
0x00007ff9f2d90000 - 0x00007ff9f2d9e000 	C:\Program Files\Java\jdk-21\bin\sunmscapi.dll
0x00007ff9f6140000 - 0x00007ff9f62a6000 	C:\WINDOWS\System32\CRYPT32.dll
0x00007ff9f5900000 - 0x00007ff9f592e000 	C:\WINDOWS\SYSTEM32\ncrypt.dll
0x00007ff9f58c0000 - 0x00007ff9f58f7000 	C:\WINDOWS\SYSTEM32\NTASN1.dll
0x00007ff9f5740000 - 0x00007ff9f575b000 	C:\WINDOWS\SYSTEM32\CRYPTSP.dll
0x00007ff9f4f20000 - 0x00007ff9f4f55000 	C:\WINDOWS\system32\rsaenh.dll
0x00007ff9f55e0000 - 0x00007ff9f560c000 	C:\WINDOWS\SYSTEM32\USERENV.dll
0x00007ff9f5760000 - 0x00007ff9f576c000 	C:\WINDOWS\SYSTEM32\CRYPTBASE.dll
0x00007ff9e4910000 - 0x00007ff9e4919000 	C:\Program Files\Java\jdk-21\bin\extnet.dll
0x00007ff9e48e0000 - 0x00007ff9e48e8000 	C:\WINDOWS\system32\wshunix.dll

dbghelp: loaded successfully - version: 4.0.5 - missing functions: none
symbol engine: initialized successfully - sym options: 0x614 - pdb path: .;C:\Program Files\Java\jdk-21\bin;C:\WINDOWS\SYSTEM32;C:\WINDOWS\WinSxS\amd64_microsoft.windows.common-controls_6595b64144ccf1df_6.0.22621.2506_none_270c5ae97388e100;C:\Program Files\Java\jdk-21\bin\server

VM Arguments:
jvm_args: -XX:+ShowCodeDetailsInExceptionMessages -agentlib:jdwp=transport=dt_socket,suspend=y,address=localhost:62925 -javaagent:C:\Users\geova\eclipse\jee-2022-12\eclipse\configuration\org.eclipse.osgi\1887\0\.cp\lib\javaagent-shaded.jar -Dfile.encoding=UTF-8 -Dstdout.encoding=UTF-8 -Dstderr.encoding=UTF-8 -Xmx1024M 
java_command: br.com.rodizio.RodizioApplication
java_class_path (initial): C:\Users\geova\Documents\Projetos\Projetos_Pratica\project_rodizio\API\rodizio\target\classes;C:\Users\geova\.m2\repository\org\springframework\boot\spring-boot-starter-data-jpa\3.2.2\spring-boot-starter-data-jpa-3.2.2.jar;C:\Users\geova\.m2\repository\org\springframework\boot\spring-boot-starter-aop\3.2.2\spring-boot-starter-aop-3.2.2.jar;C:\Users\geova\.m2\repository\org\springframework\spring-aop\6.1.3\spring-aop-6.1.3.jar;C:\Users\geova\.m2\repository\org\aspectj\aspectjweaver\1.9.21\aspectjweaver-1.9.21.jar;C:\Users\geova\.m2\repository\org\springframework\boot\spring-boot-starter-jdbc\3.2.2\spring-boot-starter-jdbc-3.2.2.jar;C:\Users\geova\.m2\repository\com\zaxxer\HikariCP\5.0.1\HikariCP-5.0.1.jar;C:\Users\geova\.m2\repository\org\springframework\spring-jdbc\6.1.3\spring-jdbc-6.1.3.jar;C:\Users\geova\.m2\repository\org\hibernate\orm\hibernate-core\6.4.1.Final\hibernate-core-6.4.1.Final.jar;C:\Users\geova\.m2\repository\jakarta\persistence\jakarta.persistence-api\3.1.0\jakarta.persistence-api-3.1.0.jar;C:\Users\geova\.m2\repository\jakarta\transaction\jakarta.transaction-api\2.0.1\jakarta.transaction-api-2.0.1.jar;C:\Users\geova\.m2\repository\org\jboss\logging\jboss-logging\3.5.3.Final\jboss-logging-3.5.3.Final.jar;C:\Users\geova\.m2\repository\org\hibernate\common\hibernate-commons-annotations\6.0.6.Final\hibernate-commons-annotations-6.0.6.Final.jar;C:\Users\geova\.m2\repository\io\smallrye\jandex\3.1.2\jandex-3.1.2.jar;C:\Users\geova\.m2\repository\com\fasterxml\classmate\1.6.0\classmate-1.6.0.jar;C:\Users\geova\.m2\repository\net\bytebuddy\byte-buddy\1.14.11\byte-buddy-1.14.11.jar;C:\Users\geova\.m2\repository\org\glassfish\jaxb\jaxb-runtime\4.0.4\jaxb-runtime-4.0.4.jar;C:\Users\geova\.m2\repository\org\glassfish\jaxb\jaxb-core\4.0.4\jaxb-core-4.0.4.jar;C:\Users\geova\.m2\repository\org\eclipse\angus\angus-activation\2.0.1\angus-activation-2.0.1.jar;C:\Users\geova\.m2\repository\org\glassfish\jaxb\txw2\4.0.4\txw2-4.0.4.jar;C:\Users\geova\.m2\repository\com\sun\istack\istack-commons-runtime\4.1.2\istack-commons-runtime-4.1.2.jar;C:\Users\geova\.m2\repository\jakarta\inject\jakarta.inject-api\2.0.1\jakarta.inject-api-2.0.1.jar;C:\Users\geova\.m2\repository\org\antlr\antlr4-runtime\4.13.0\antlr4-runtime-4.13.0.jar;C:\Users\geova\.m2\repository\org\springframework\data\spring-data-jpa\3.2.2\spring-data-jpa-3.2.2.jar;C:\Users\geova\.m2\repository\org\springframework\data\spring-data-commons\3.2.2\spring-data-commons-3.2.2.jar;C:\Users\geova\.m2\repository\org\springframework\spring-orm\6.1.3\spring-orm-6.1.3.jar;C:\Users\geova\.m2\repository\org\springframework\spring-context\6.1.3\spring-context-6.1.3.jar;C:\Users\geova\.m2\repository\org\springframework\spring-tx\6.1.3\spring-tx-6.1.3.jar;C:\Users\geova\.m2\repository\org\springframework\spring-beans\6.1.3\spring-beans-6.1.3.jar;C:\Users\geova\.m2\repository\jakarta\annotation\jakarta.annotation-api\2.1.1\jakarta.annotation-api-2.1.1.jar;C:\Users\geova\.m2\repository\org\slf4j\slf4j-api\2.0.11\slf4j-api-2.0.11.jar;C:\Users\geova\.m2\repository\org\springframework\spring-aspects\6.1.3\spring-aspects-6.1.3.jar;C:\Users\geova\.m2\repository\org\springframework\boot\spring-boot-starter-web\3.2.2\spring-boot-starter-web-3.2.2.jar;C:\Users\geova\.m2\repository\org\springframework\boot\spring-boot-starter\3.2.2\spring-boot-starter-3.2.2.jar;C:\Users\geova\.m2\repository\org\springframework\boot\spring-boot-starter-logging\3.2.2\spring-boot-starter-logging-3.2.2.jar;C:\Users\geova\.m2\repository\ch\qos\logback\logback-classic\1.4.14\logback-classic-1.4.14.jar;C:\Users\geova\.m2\repository\ch\qos\logback\logback-core\1.4.14\logback-core-1.4.14.jar;C:\Users\geova\.m2\repository\org\apache\logging\log4j\log4j-to-slf4j\2.21.1\log4j-to-slf4j-2.21.1.jar;C:\Users\geova\.m2\repository\org\apache\logging\log4j\log4j-api\2.21.1\log4j-api-2.21.1.jar;C:\Users\geova\.m2\repository\org\slf4j\jul-to-slf4j\2.0.11\jul-to-slf4j-2.0.11.jar;C:\Users\geova\.m2\repository\org\yaml\snakeyaml\2.2\snakeyaml-2.2.jar;C:\Users\geova\.m2\repository\org\springframework\boot\spring-boot-starter-json\3.2.2\spring-boot-starter-json-3.2.2.jar;C:\Users\geova\.m2\repository\com\fasterxml\jackson\core\jackson-databind\2.15.3\jackson-databind-2.15.3.jar;C:\Users\geova\.m2\repository\com\fasterxml\jackson\core\jackson-annotations\2.15.3\jackson-annotations-2.15.3.jar;C:\Users\geova\.m2\repository\com\fasterxml\jackson\core\jackson-core\2.15.3\jackson-core-2.15.3.jar;C:\Users\geova\.m2\repository\com\fasterxml\jackson\datatype\jackson-datatype-jdk8\2.15.3\jackson-datatype-jdk8-2.15.3.jar;C:\Users\geova\.m2\repository\com\fasterxml\jackson\datatype\jackson-datatype-jsr310\2.15.3\jackson-datatype-jsr310-2.15.3.jar;C:\Users\geova\.m2\repository\com\fasterxml\jackson\module\jackson-module-parameter-names\2.15.3\jackson-module-parameter-names-2.15.3.jar;C:\Users\geova\.m2\repository\org\springframework\boot\spring-boot-starter-tomcat\3.2.2\spring-boot-starter-tomcat-3.2.2.jar;C:\Users\geova\.m2\repository\org\apache\tomcat\embed\tomcat-embed-core\10.1.18\tomcat-embed-core-10.1.18.jar;C:\Users\geova\.m2\repository\org\apache\tomcat\embed\tomcat-embed-el\10.1.18\tomcat-embed-el-10.1.18.jar;C:\Users\geova\.m2\repository\org\apache\tomcat\embed\tomcat-embed-websocket\10.1.18\tomcat-embed-websocket-10.1.18.jar;C:\Users\geova\.m2\repository\org\springframework\spring-web\6.1.3\spring-web-6.1.3.jar;C:\Users\geova\.m2\repository\io\micrometer\micrometer-observation\1.12.2\micrometer-observation-1.12.2.jar;C:\Users\geova\.m2\repository\io\micrometer\micrometer-commons\1.12.2\micrometer-commons-1.12.2.jar;C:\Users\geova\.m2\repository\org\springframework\spring-webmvc\6.1.3\spring-webmvc-6.1.3.jar;C:\Users\geova\.m2\repository\org\springframework\spring-expression\6.1.3\spring-expression-6.1.3.jar;C:\Users\geova\.m2\repository\org\springframework\boot\spring-boot-devtools\3.2.2\spring-boot-devtools-3.2.2.jar;C:\Users\geova\.m2\repository\org\springframework\boot\spring-boot\3.2.2\spring-boot-3.2.2.jar;C:\Users\geova\.m2\repository\org\springframework\boot\spring-boot-autoconfigure\3.2.2\spring-boot-autoconfigure-3.2.2.jar;C:\Users\geova\.m2\repository\org\postgresql\postgresql\42.6.0\postgresql-42.6.0.jar;C:\Users\geova\.m2\repository\org\checkerframework\checker-qual\3.31.0\checker-qual-3.31.0.jar;C:\Users\geova\.m2\repository\jakarta\xml\bind\jakarta.xml.bind-api\4.0.1\jakarta.xml.bind-api-4.0.1.jar;C:\Users\geova\.m2\repository\jakarta\activation\jakarta.activation-api\2.1.2\jakarta.activation-api-2.1.2.jar;C:\Users\geova\.m2\repository\org\springframework\spring-core\6.1.3\spring-core-6.1.3.jar;C:\Users\geova\.m2\repository\org\springframework\spring-jcl\6.1.3\spring-jcl-6.1.3.jar
Launcher Type: SUN_STANDARD

[Global flags]
     intx CICompilerCount                          = 4                                         {product} {ergonomic}
     uint ConcGCThreads                            = 2                                         {product} {ergonomic}
     uint G1ConcRefinementThreads                  = 8                                         {product} {ergonomic}
   size_t G1HeapRegionSize                         = 1048576                                   {product} {ergonomic}
    uintx GCDrainStackTargetSize                   = 64                                        {product} {ergonomic}
   size_t InitialHeapSize                          = 132120576                                 {product} {ergonomic}
   size_t MarkStackSize                            = 4194304                                   {product} {ergonomic}
   size_t MaxHeapSize                              = 1073741824                                {product} {command line}
   size_t MaxNewSize                               = 643825664                                 {product} {ergonomic}
   size_t MinHeapDeltaBytes                        = 1048576                                   {product} {ergonomic}
   size_t MinHeapSize                              = 8388608                                   {product} {ergonomic}
    uintx NonNMethodCodeHeapSize                   = 5839372                                {pd product} {ergonomic}
    uintx NonProfiledCodeHeapSize                  = 122909434                              {pd product} {ergonomic}
    uintx ProfiledCodeHeapSize                     = 122909434                              {pd product} {ergonomic}
    uintx ReservedCodeCacheSize                    = 251658240                              {pd product} {ergonomic}
     bool SegmentedCodeCache                       = true                                      {product} {ergonomic}
     bool ShowCodeDetailsInExceptionMessages       = true                                   {manageable} {command line}
   size_t SoftMaxHeapSize                          = 1073741824                             {manageable} {ergonomic}
     bool UseCompressedOops                        = true                           {product lp64_product} {ergonomic}
     bool UseG1GC                                  = true                                      {product} {ergonomic}
     bool UseLargePagesIndividualAllocation        = false                                  {pd product} {ergonomic}

Logging:
Log output configuration:
 #0: stdout all=warning uptime,level,tags foldmultilines=false
 #1: stderr all=off uptime,level,tags foldmultilines=false

Environment Variables:
JAVA_HOME=C:\Program Files\Java\jdk-21.0.2
_JAVA_OPTIONS=-Xmx1024M
CLASSPATH=.;%JAVA_HOME%\lib
PATH=C:\Program Files\Java\jdk-21.0.2;%JAVA_HOME%\bin;C:\Program Files\Common Files\Oracle\Java\javapath;C:\WINDOWS\system32;C:\WINDOWS;C:\WINDOWS\System32\Wbem;C:\WINDOWS\System32\WindowsPowerShell\v1.0\;C:\WINDOWS\System32\OpenSSH\;C:\Program Files\Git\cmd;C:\Program Files\Maven\apache-maven-3.9.1;C:\Program Files\nodejs\;C:\Program Files\Go\bin;C:\Users\geova\AppData\Local\Microsoft\WindowsApps;;C:\Users\geova\AppData\Local\Programs\Microsoft VS Code\bin;C:\Users\geova\AppData\Roaming\npm;C:\Users\geova\go\bin
USERNAME=geova
OS=Windows_NT
PROCESSOR_IDENTIFIER=Intel64 Family 6 Model 140 Stepping 1, GenuineIntel
TMP=C:\Users\geova\AppData\Local\Temp
TEMP=C:\Users\geova\AppData\Local\Temp




Periodic native trim disabled

---------------  S Y S T E M  ---------------

OS:
 Windows 11 , 64 bit Build 22621 (10.0.22621.2506)
OS uptime: 4 days 0:56 hours
Hyper-V role detected

CPU: total 8 (initial active 8) (4 cores per cpu, 2 threads per core) family 6 model 140 stepping 1 microcode 0x8a, cx8, cmov, fxsr, ht, mmx, 3dnowpref, sse, sse2, sse3, ssse3, sse4.1, sse4.2, popcnt, lzcnt, tsc, tscinvbit, avx, avx2, aes, erms, clmul, bmi1, bmi2, adx, avx512f, avx512dq, avx512cd, avx512bw, avx512vl, sha, fma, vzeroupper, avx512_vpopcntdq, avx512_vpclmulqdq, avx512_vaes, avx512_vnni, clflush, clflushopt, clwb, avx512_vbmi2, avx512_vbmi, hv, rdtscp, rdpid, fsrm, gfni, avx512_bitalg, f16c, cet_ibt, cet_ss, avx512_ifma
Processor Information for all 8 processors :
  Max Mhz: 2419, Current Mhz: 2419, Mhz Limit: 2419

Memory: 4k page, system-wide physical 7971M (1438M free)
TotalPageFile size 11683M (AvailPageFile size 4187M)
current process WorkingSet (physical memory assigned to process): 244M, peak: 349M
current process commit charge ("private bytes"): 279M, peak: 385M

vm_info: Java HotSpot(TM) 64-Bit Server VM (21.0.2+13-LTS-58) for windows-amd64 JRE (21.0.2+13-LTS-58), built on 2024-01-05T18:32:24Z by "mach5one" with MS VC++ 17.1 (VS2022)

END.
